<?xml version="1.1" encoding="UTF-8"?>
<testsuite name="assign3.FibonacciRecursiveTest" tests="7" failures="0" errors="0" timestamp="2013-04-12T00:49:56" hostname="AdithyaNayabu" time="0.004">
  <properties/>
  <testcase name="testFibonacciNumberAtPositionThree" classname="assign3.FibonacciRecursiveTest" time="0.001"/>
  <testcase name="testFibonacciNumberAtNegativePosition" classname="assign3.FibonacciRecursiveTest" time="0.0"/>
  <testcase name="testFibonacciNumberAtPositionFour" classname="assign3.FibonacciRecursiveTest" time="0.0"/>
  <testcase name="testFibonacciNumberAtPositionZero" classname="assign3.FibonacciRecursiveTest" time="0.0"/>
  <testcase name="testCanary" classname="assign3.FibonacciRecursiveTest" time="0.0"/>
  <testcase name="testFibonacciNumberAtPositionOne" classname="assign3.FibonacciRecursiveTest" time="0.0"/>
  <testcase name="testFibonacciNumberAtPositionTwo" classname="assign3.FibonacciRecursiveTest" time="0.0"/>
  <system-out><![CDATA[]]></system-out>
  <system-err><![CDATA[]]></system-err>
</testsuite>
