<?xml version="1.1" encoding="UTF-8"?>
<testsuite name="assign3.FibonacciMemoizeTest" tests="8" failures="0" errors="0" timestamp="2013-04-12T00:49:51" hostname="AdithyaNayabu" time="5.238">
  <properties/>
  <testcase name="testPerformanceEvaluation" classname="assign3.FibonacciMemoizeTest" time="5.234"/>
  <testcase name="testFibonacciNumberAtPositionThree" classname="assign3.FibonacciMemoizeTest" time="0.001"/>
  <testcase name="testFibonacciNumberAtNegativePosition" classname="assign3.FibonacciMemoizeTest" time="0.0"/>
  <testcase name="testFibonacciNumberAtPositionFour" classname="assign3.FibonacciMemoizeTest" time="0.0"/>
  <testcase name="testFibonacciNumberAtPositionZero" classname="assign3.FibonacciMemoizeTest" time="0.0"/>
  <testcase name="testCanary" classname="assign3.FibonacciMemoizeTest" time="0.0"/>
  <testcase name="testFibonacciNumberAtPositionOne" classname="assign3.FibonacciMemoizeTest" time="0.0"/>
  <testcase name="testFibonacciNumberAtPositionTwo" classname="assign3.FibonacciMemoizeTest" time="0.0"/>
  <system-out><![CDATA[]]></system-out>
  <system-err><![CDATA[]]></system-err>
</testsuite>
